<?xml version="1.0" encoding="UTF-8"?>
<testng-results ignored="0" total="1" passed="1" failed="0" skipped="0">
  <reporter-output>
  </reporter-output>
  <suite started-at="2025-03-06T15:24:33 IST" name="Suite" finished-at="2025-03-06T15:24:40 IST" duration-ms="7204">
    <groups>
    </groups>
    <test started-at="2025-03-06T15:24:33 IST" name="Test" finished-at="2025-03-06T15:24:40 IST" duration-ms="7204">
      <class name="com.nadsoft.www.tests.AddToCartTests">
        <test-method is-config="true" signature="setupDriver(java.lang.String)[pri:0, instance:com.nadsoft.www.tests.AddToCartTests@f6efaab]" started-at="2025-03-06T15:24:33 IST" name="setupDriver" finished-at="2025-03-06T15:24:38 IST" duration-ms="4947" status="PASS">
          <params>
            <param index="0">
              <value>
                <![CDATA[chrome]]>
              </value>
            </param>
          </params>
          <reporter-output>
          </reporter-output>
        </test-method> <!-- setupDriver -->
        <test-method signature="verifyAddToCart()[pri:0, instance:com.nadsoft.www.tests.AddToCartTests@f6efaab]" started-at="2025-03-06T15:24:38 IST" name="verifyAddToCart" finished-at="2025-03-06T15:24:40 IST" duration-ms="1945" status="PASS">
          <reporter-output>
          </reporter-output>
        </test-method> <!-- verifyAddToCart -->
        <test-method is-config="true" signature="tearDown()[pri:0, instance:com.nadsoft.www.tests.AddToCartTests@f6efaab]" started-at="2025-03-06T15:24:40 IST" name="tearDown" finished-at="2025-03-06T15:24:40 IST" duration-ms="264" status="PASS">
          <reporter-output>
          </reporter-output>
        </test-method> <!-- tearDown -->
      </class> <!-- com.nadsoft.www.tests.AddToCartTests -->
    </test> <!-- Test -->
  </suite> <!-- Suite -->
</testng-results>
